

Working Directory = /home/rmaiti/EE477_VLSI/systolic-array-ws/src/sys_array/build/syn-rundir
QoS Summary for top_mod
================================================================================
Metric                          final          
================================================================================
Slack (ps):                        86
  R2R (ps):                       658
  I2R (ps):                        86
  R2O (ps):                    15,920
  I2O (ps):                  no_value
  CG  (ps):                    17,813
TNS (ps):                           0
  R2R (ps):                         0
  I2R (ps):                         0
  R2O (ps):                         0
  I2O (ps):                  no_value
  CG  (ps):                         0
Failing Paths:                      0
Cell Area:                    272,111
Total Cell Area:              272,111
Leaf Instances:                30,712
Total Instances:               30,712
Utilization (%):                 0.00
Tot. Net Length (um):        no_value
Avg. Net Length (um):        no_value
Route Overflow H (%):        no_value
Route Overflow V (%):        no_value
MBCI(%) (bits/gate) :            0.00
Norm Cong Hotspot Area:
  Max Cong:                  no_value
  Tot Cong:                  no_value
================================================================================
CPU  Runtime (h:m:s):        00:05:38
Real Runtime (h:m:s):        00:03:12
CPU  Elapsed (h:m:s):        00:05:40
Real Elapsed (h:m:s):        00:03:13
Memory (MB):                  1368.73
================================================================================
================================================================================
Flow Settings:
================================================================================
Total Runtime (h:m:s): 00:03:12
Total Memory (MB):     1368.73
Executable Version:    21.12-s068_1
================================================================================
Total Cell Area =  Cell Area + Physical Cell Area
Total Instances =  Leaf Instances + Physical Instances


