============================================================
  Generated by:           Genus(TM) Synthesis Solution 21.12-s068_1
  Generated on:           Mar 13 2026  09:48:54 pm
  Module:                 top_mod
  Library domain:         ss_100C_1v60.setup_cond
    Domain index:         0
    Technology library:   sky130_fd_sc_hd__ss_100C_1v60 1.0000000000
  Operating conditions:   ss_100C_1v60 
  Interconnect mode:      global
  Area mode:              physical library
============================================================

                                                    Leakage                                    Library 
           Gate             Instances     Area     Power (nW)              Library              Domain 
-------------------------------------------------------------------------------------------------------
sky130_fd_sc_hd__a2111oi_0          2      17.517       1.360    sky130_fd_sc_hd__ss_100C_1v60       0 
sky130_fd_sc_hd__a211oi_1           1       7.507       1.449    sky130_fd_sc_hd__ss_100C_1v60       0 
sky130_fd_sc_hd__a21bo_1           32     320.307     326.044    sky130_fd_sc_hd__ss_100C_1v60       0 
sky130_fd_sc_hd__a21bo_2            9      90.086      78.574    sky130_fd_sc_hd__ss_100C_1v60       0 
sky130_fd_sc_hd__a21bo_4            8     130.125      91.717    sky130_fd_sc_hd__ss_100C_1v60       0 
sky130_fd_sc_hd__a21boi_1           1       7.507       2.534    sky130_fd_sc_hd__ss_100C_1v60       0 
sky130_fd_sc_hd__a21o_1           456    3423.283    3099.126    sky130_fd_sc_hd__ss_100C_1v60       0 
sky130_fd_sc_hd__a21o_2            24     210.202     173.961    sky130_fd_sc_hd__ss_100C_1v60       0 
sky130_fd_sc_hd__a21oi_1           43     215.206      90.640    sky130_fd_sc_hd__ss_100C_1v60       0 
sky130_fd_sc_hd__a21oi_2            8      70.067      24.649    sky130_fd_sc_hd__ss_100C_1v60       0 
sky130_fd_sc_hd__a22o_1          1104    9669.274    5355.657    sky130_fd_sc_hd__ss_100C_1v60       0 
sky130_fd_sc_hd__a22o_2            16     160.154      91.838    sky130_fd_sc_hd__ss_100C_1v60       0 
sky130_fd_sc_hd__a22oi_1           96     720.691     254.657    sky130_fd_sc_hd__ss_100C_1v60       0 
sky130_fd_sc_hd__a2bb2oi_1         16     140.134      63.665    sky130_fd_sc_hd__ss_100C_1v60       0 
sky130_fd_sc_hd__a32oi_1            1       8.758       1.870    sky130_fd_sc_hd__ss_100C_1v60       0 
sky130_fd_sc_hd__and2_0           408    2552.448    1779.728    sky130_fd_sc_hd__ss_100C_1v60       0 
sky130_fd_sc_hd__and2_1          1128    7056.768    4514.856    sky130_fd_sc_hd__ss_100C_1v60       0 
sky130_fd_sc_hd__and2b_4            8      80.077      61.596    sky130_fd_sc_hd__ss_100C_1v60       0 
sky130_fd_sc_hd__and3_1            10      62.560      62.618    sky130_fd_sc_hd__ss_100C_1v60       0 
sky130_fd_sc_hd__buf_1            151     566.794     663.428    sky130_fd_sc_hd__ss_100C_1v60       0 
sky130_fd_sc_hd__buf_2             14      70.067      78.710    sky130_fd_sc_hd__ss_100C_1v60       0 
sky130_fd_sc_hd__buf_4             16     120.115     112.282    sky130_fd_sc_hd__ss_100C_1v60       0 
sky130_fd_sc_hd__buf_6             33     371.606     317.661    sky130_fd_sc_hd__ss_100C_1v60       0 
sky130_fd_sc_hd__buf_8              2      30.029      23.835    sky130_fd_sc_hd__ss_100C_1v60       0 
sky130_fd_sc_hd__clkbuf_1         160     600.576     702.970    sky130_fd_sc_hd__ss_100C_1v60       0 
sky130_fd_sc_hd__clkbuf_2         124     620.595     638.619    sky130_fd_sc_hd__ss_100C_1v60       0 
sky130_fd_sc_hd__clkinv_1         505    1895.568    2484.901    sky130_fd_sc_hd__ss_100C_1v60       0 
sky130_fd_sc_hd__clkinv_16          1      30.029      22.403    sky130_fd_sc_hd__ss_100C_1v60       0 
sky130_fd_sc_hd__clkinv_2          64     320.307     418.429    sky130_fd_sc_hd__ss_100C_1v60       0 
sky130_fd_sc_hd__clkinv_4          11      96.342     103.409    sky130_fd_sc_hd__ss_100C_1v60       0 
sky130_fd_sc_hd__clkinv_8           4      65.062      59.370    sky130_fd_sc_hd__ss_100C_1v60       0 
sky130_fd_sc_hd__conb_1           722    2710.099       2.190    sky130_fd_sc_hd__ss_100C_1v60       0 
sky130_fd_sc_hd__dfrtp_1            4     100.096      75.152    sky130_fd_sc_hd__ss_100C_1v60       0 
sky130_fd_sc_hd__dfxtp_1         1879   37616.077   27661.867    sky130_fd_sc_hd__ss_100C_1v60       0 
sky130_fd_sc_hd__dfxtp_2           38     808.275     586.852    sky130_fd_sc_hd__ss_100C_1v60       0 
sky130_fd_sc_hd__dfxtp_4            4      95.091      67.290    sky130_fd_sc_hd__ss_100C_1v60       0 
sky130_fd_sc_hd__fa_1            1864   37315.789   18961.632    sky130_fd_sc_hd__ss_100C_1v60       0 
sky130_fd_sc_hd__fa_2              56    1261.210     602.191    sky130_fd_sc_hd__ss_100C_1v60       0 
sky130_fd_sc_hd__fah_1            648   21890.995   18730.173    sky130_fd_sc_hd__ss_100C_1v60       0 
sky130_fd_sc_hd__ha_1             555    6944.160    5298.939    sky130_fd_sc_hd__ss_100C_1v60       0 
sky130_fd_sc_hd__ha_4               8     200.192     105.018    sky130_fd_sc_hd__ss_100C_1v60       0 
sky130_fd_sc_hd__inv_1            688    2582.477    2538.015    sky130_fd_sc_hd__ss_100C_1v60       0 
sky130_fd_sc_hd__inv_12             1      16.266      11.679    sky130_fd_sc_hd__ss_100C_1v60       0 
sky130_fd_sc_hd__inv_2           1967    7383.331    8497.190    sky130_fd_sc_hd__ss_100C_1v60       0 
sky130_fd_sc_hd__inv_4            122     763.232     785.608    sky130_fd_sc_hd__ss_100C_1v60       0 
sky130_fd_sc_hd__inv_6             10      87.584      84.854    sky130_fd_sc_hd__ss_100C_1v60       0 
sky130_fd_sc_hd__inv_8              3      33.782      26.078    sky130_fd_sc_hd__ss_100C_1v60       0 
sky130_fd_sc_hd__maj3_1            64     640.614     238.031    sky130_fd_sc_hd__ss_100C_1v60       0 
sky130_fd_sc_hd__mux2_2           505    5686.704    3239.292    sky130_fd_sc_hd__ss_100C_1v60       0 
sky130_fd_sc_hd__mux2_4            39     585.562     410.747    sky130_fd_sc_hd__ss_100C_1v60       0 
sky130_fd_sc_hd__mux2i_1            1      10.010       5.437    sky130_fd_sc_hd__ss_100C_1v60       0 
sky130_fd_sc_hd__nand2_1         4754   17844.614   15246.620    sky130_fd_sc_hd__ss_100C_1v60       0 
sky130_fd_sc_hd__nand2_2         1697   10616.432    6985.823    sky130_fd_sc_hd__ss_100C_1v60       0 
sky130_fd_sc_hd__nand2_4          472    5315.098    3129.718    sky130_fd_sc_hd__ss_100C_1v60       0 
sky130_fd_sc_hd__nand2_8           80    1601.536     631.325    sky130_fd_sc_hd__ss_100C_1v60       0 
sky130_fd_sc_hd__nand2b_1        2171   13581.776    8606.227    sky130_fd_sc_hd__ss_100C_1v60       0 
sky130_fd_sc_hd__nand2b_2         240    2102.016    1263.959    sky130_fd_sc_hd__ss_100C_1v60       0 
sky130_fd_sc_hd__nand2b_4          40     550.528     372.649    sky130_fd_sc_hd__ss_100C_1v60       0 
sky130_fd_sc_hd__nand3_1           42     210.202      92.679    sky130_fd_sc_hd__ss_100C_1v60       0 
sky130_fd_sc_hd__nand3_2           64     640.614     269.902    sky130_fd_sc_hd__ss_100C_1v60       0 
sky130_fd_sc_hd__nand3_4           24     420.403     214.658    sky130_fd_sc_hd__ss_100C_1v60       0 
sky130_fd_sc_hd__nand3b_1           2      15.014       1.561    sky130_fd_sc_hd__ss_100C_1v60       0 
sky130_fd_sc_hd__nand3b_4           8     160.154      97.078    sky130_fd_sc_hd__ss_100C_1v60       0 
sky130_fd_sc_hd__nor2_1           388    1456.397     801.059    sky130_fd_sc_hd__ss_100C_1v60       0 
sky130_fd_sc_hd__nor2_2            40     250.240     114.467    sky130_fd_sc_hd__ss_100C_1v60       0 
sky130_fd_sc_hd__nor2_4            15     168.912      85.254    sky130_fd_sc_hd__ss_100C_1v60       0 
sky130_fd_sc_hd__nor2b_1         2594   16228.064   11213.773    sky130_fd_sc_hd__ss_100C_1v60       0 
sky130_fd_sc_hd__nor2b_4            6      82.579      57.417    sky130_fd_sc_hd__ss_100C_1v60       0 
sky130_fd_sc_hd__nor3_1             4      20.019       6.882    sky130_fd_sc_hd__ss_100C_1v60       0 
sky130_fd_sc_hd__nor3b_1           13      97.594      40.144    sky130_fd_sc_hd__ss_100C_1v60       0 
sky130_fd_sc_hd__nor4_1             2      12.512       2.093    sky130_fd_sc_hd__ss_100C_1v60       0 
sky130_fd_sc_hd__o2111ai_1          1       8.758       0.056    sky130_fd_sc_hd__ss_100C_1v60       0 
sky130_fd_sc_hd__o211ai_1           1       7.507       0.958    sky130_fd_sc_hd__ss_100C_1v60       0 
sky130_fd_sc_hd__o21ai_1          377    1886.810     990.059    sky130_fd_sc_hd__ss_100C_1v60       0 
sky130_fd_sc_hd__o21ai_2          168    1471.411     658.016    sky130_fd_sc_hd__ss_100C_1v60       0 
sky130_fd_sc_hd__o21ai_4           24     390.374     155.238    sky130_fd_sc_hd__ss_100C_1v60       0 
sky130_fd_sc_hd__o21bai_1          24     180.173      79.521    sky130_fd_sc_hd__ss_100C_1v60       0 
sky130_fd_sc_hd__o21bai_2           8      90.086      52.196    sky130_fd_sc_hd__ss_100C_1v60       0 
sky130_fd_sc_hd__o221ai_1           1       8.758       2.042    sky130_fd_sc_hd__ss_100C_1v60       0 
sky130_fd_sc_hd__o22ai_1          105     656.880     193.081    sky130_fd_sc_hd__ss_100C_1v60       0 
sky130_fd_sc_hd__o2bb2ai_1        281    2461.110     774.385    sky130_fd_sc_hd__ss_100C_1v60       0 
sky130_fd_sc_hd__o2bb2ai_2        320    4804.608    1504.536    sky130_fd_sc_hd__ss_100C_1v60       0 
sky130_fd_sc_hd__o2bb2ai_4        160    4404.224    1786.114    sky130_fd_sc_hd__ss_100C_1v60       0 
sky130_fd_sc_hd__o31ai_1            8      60.058      19.903    sky130_fd_sc_hd__ss_100C_1v60       0 
sky130_fd_sc_hd__o32ai_1           24     210.202      43.887    sky130_fd_sc_hd__ss_100C_1v60       0 
sky130_fd_sc_hd__or2_0             24     150.144      76.504    sky130_fd_sc_hd__ss_100C_1v60       0 
sky130_fd_sc_hd__or2_1             25     156.400      84.832    sky130_fd_sc_hd__ss_100C_1v60       0 
sky130_fd_sc_hd__or2_2              1       6.256       5.020    sky130_fd_sc_hd__ss_100C_1v60       0 
sky130_fd_sc_hd__or2_4             32     280.269     186.899    sky130_fd_sc_hd__ss_100C_1v60       0 
sky130_fd_sc_hd__or3_1              2      12.512       6.463    sky130_fd_sc_hd__ss_100C_1v60       0 
sky130_fd_sc_hd__or3b_1             1       8.758       1.128    sky130_fd_sc_hd__ss_100C_1v60       0 
sky130_fd_sc_hd__or4_1              2      15.014       5.413    sky130_fd_sc_hd__ss_100C_1v60       0 
sky130_fd_sc_hd__sdlclkp_1        130    2439.840    2074.175    sky130_fd_sc_hd__ss_100C_1v60       0 
sky130_fd_sc_hd__xnor2_1         2107   18453.949    6369.362    sky130_fd_sc_hd__ss_100C_1v60       0 
sky130_fd_sc_hd__xnor2_2           88    1431.373     812.006    sky130_fd_sc_hd__ss_100C_1v60       0 
sky130_fd_sc_hd__xnor3_1            8     180.173     147.288    sky130_fd_sc_hd__ss_100C_1v60       0 
sky130_fd_sc_hd__xor2_1           484    4239.066    2352.887    sky130_fd_sc_hd__ss_100C_1v60       0 
sky130_fd_sc_hd__xor2_2            16     260.250     115.103    sky130_fd_sc_hd__ss_100C_1v60       0 
-------------------------------------------------------------------------------------------------------
total                           30712  272110.976  177361.145                                  


                                                           Leakage  Leakage 
            Type             Instances    Area    Area % Power (nW) Power % 
----------------------------------------------------------------------------
sequential                        1925  38619.539   14.2  28391.161    16.0 
inverter                          3376  13273.981    4.9  15031.934     8.5 
buffer                             500   2379.782    0.9   2537.504     1.4 
clock_gating_integrated_cell       130   2439.840    0.9   2074.175     1.2 
logic                            24781 215397.834   79.2 129326.370    72.9 
physical_cells                       0      0.000    0.0      0.000     0.0 
----------------------------------------------------------------------------
total                            30712 272110.976  100.0 177361.145   100.0 

