============================================================
  Generated by:           Genus(TM) Synthesis Solution 21.12-s068_1
  Generated on:           Mar 13 2026  04:06:02 pm
  Module:                 systolic_ctrl
  Library domain:         ss_100C_1v60.setup_cond
    Domain index:         0
    Technology library:   sky130_fd_sc_hd__ss_100C_1v60 1.0000000000
  Operating conditions:   ss_100C_1v60 
  Interconnect mode:      global
  Area mode:              physical library
============================================================

Timing
--------

     Analysis view      Clock  Period 
--------------------------------------
ss_100C_1v60.setup_view clk   20000.0 


        Analysis                Cost         Critical        Violating 
          View                 Group        Path Slack  TNS    Paths   
-----------------------------------------------------------------------
ss_100C_1v60.setup_view cg_enable_group_clk    11162.3  0.0          0 
                                        clk     5399.9  0.0          0 
                                    default   No paths  0.0          0 
-----------------------------------------------------------------------
Total                                                  -0.0          0 
                                                                       

Instance Count
--------------
Leaf Instance Count             677 
Physical Instance count           0 
Sequential Instance Count       278 
Combinational Instance Count    399 
Hierarchical Instance Count      13 

Area
----
Cell Area                          8216.630
Physical Cell Area                 0.000
Total Cell Area (Cell+Physical)    8216.630
Net Area                           3560.907
Total Area (Cell+Physical+Net)     11777.537

Runtime                            0.0 seconds
Elapsed Runtime                    20 seconds
Genus peak memory usage            1223.61 
Innovus peak memory usage          no_value 
Hostname                           linux-lab-147.ece.uw.edu
