============================================================
  Generated by:           Genus(TM) Synthesis Solution 21.12-s068_1
  Generated on:           Mar 13 2026  09:48:53 pm
  Module:                 top_mod
  Library domain:         ss_100C_1v60.setup_cond
    Domain index:         0
    Technology library:   sky130_fd_sc_hd__ss_100C_1v60 1.0000000000
  Operating conditions:   ss_100C_1v60 
  Interconnect mode:      global
  Area mode:              physical library
============================================================

          Instance                                 Module                        Cell Count  Cell Area   Net Area   Total Area 
-------------------------------------------------------------------------------------------------------------------------------
top_mod                                                                               30712 272110.976 163705.893   435816.869 
  ROW_GEN[0].COL_GEN[0].u_pe PE_ENABLE_MAC_BYPASS1_ROW_ID0_COL_ID0                      730   5758.022   3233.454     8991.476 
  ROW_GEN[0].COL_GEN[1].u_pe PE_ENABLE_MAC_BYPASS1_ROW_ID0_COL_ID1                      730   5758.022   3233.454     8991.476 
  ROW_GEN[0].COL_GEN[2].u_pe PE_ENABLE_MAC_BYPASS1_ROW_ID0_COL_ID2                      730   5758.022   3233.454     8991.476 
  ROW_GEN[0].COL_GEN[3].u_pe PE_ENABLE_MAC_BYPASS1_ROW_ID0_COL_ID3                      730   5758.022   3233.454     8991.476 
  ROW_GEN[0].COL_GEN[4].u_pe PE_ENABLE_MAC_BYPASS1_ROW_ID0_COL_ID4                      730   5758.022   3233.454     8991.476 
  ROW_GEN[0].COL_GEN[5].u_pe PE_ENABLE_MAC_BYPASS1_ROW_ID0_COL_ID5                      730   5758.022   3233.454     8991.476 
  ROW_GEN[0].COL_GEN[6].u_pe PE_ENABLE_MAC_BYPASS1_ROW_ID0_COL_ID6                      730   5758.022   3233.454     8991.476 
  ROW_GEN[0].COL_GEN[7].u_pe PE_ENABLE_MAC_BYPASS1_ROW_ID0_COL_ID7                      730   5758.022   3233.454     8991.476 
  ROW_GEN[1].COL_GEN[0].u_pe PE_ENABLE_MAC_BYPASS1_ROW_ID1_COL_ID0                      461   3737.334   1992.127     5729.462 
  ROW_GEN[1].COL_GEN[1].u_pe PE_ENABLE_MAC_BYPASS1_ROW_ID1_COL_ID1                      461   3737.334   1992.127     5729.462 
  ROW_GEN[1].COL_GEN[2].u_pe PE_ENABLE_MAC_BYPASS1_ROW_ID1_COL_ID2                      461   3737.334   1992.127     5729.462 
  ROW_GEN[1].COL_GEN[3].u_pe PE_ENABLE_MAC_BYPASS1_ROW_ID1_COL_ID3                      461   3737.334   1992.127     5729.462 
  ROW_GEN[1].COL_GEN[4].u_pe PE_ENABLE_MAC_BYPASS1_ROW_ID1_COL_ID4                      461   3737.334   1992.127     5729.462 
  ROW_GEN[1].COL_GEN[5].u_pe PE_ENABLE_MAC_BYPASS1_ROW_ID1_COL_ID5                      461   3737.334   1992.127     5729.462 
  ROW_GEN[1].COL_GEN[6].u_pe PE_ENABLE_MAC_BYPASS1_ROW_ID1_COL_ID6                      461   3737.334   1992.127     5729.462 
  ROW_GEN[1].COL_GEN[7].u_pe PE_ENABLE_MAC_BYPASS1_ROW_ID1_COL_ID7                      461   3737.334   1992.127     5729.462 
  ROW_GEN[2].COL_GEN[0].u_pe PE_ENABLE_MAC_BYPASS1_ROW_ID2_COL_ID0                      412   3452.061   1706.531     5158.591 
  ROW_GEN[2].COL_GEN[1].u_pe PE_ENABLE_MAC_BYPASS1_ROW_ID2_COL_ID1                      412   3452.061   1706.531     5158.591 
  ROW_GEN[2].COL_GEN[2].u_pe PE_ENABLE_MAC_BYPASS1_ROW_ID2_COL_ID2                      412   3452.061   1706.531     5158.591 
  ROW_GEN[2].COL_GEN[3].u_pe PE_ENABLE_MAC_BYPASS1_ROW_ID2_COL_ID3                      412   3452.061   1706.531     5158.591 
  ROW_GEN[2].COL_GEN[4].u_pe PE_ENABLE_MAC_BYPASS1_ROW_ID2_COL_ID4                      412   3452.061   1706.531     5158.591 
  ROW_GEN[2].COL_GEN[5].u_pe PE_ENABLE_MAC_BYPASS1_ROW_ID2_COL_ID5                      412   3452.061   1706.531     5158.591 
  ROW_GEN[2].COL_GEN[6].u_pe PE_ENABLE_MAC_BYPASS1_ROW_ID2_COL_ID6                      412   3452.061   1706.531     5158.591 
  ROW_GEN[2].COL_GEN[7].u_pe PE_ENABLE_MAC_BYPASS1_ROW_ID2_COL_ID7                      412   3452.061   1706.531     5158.591 
  ROW_GEN[3].COL_GEN[0].u_pe PE_ENABLE_MAC_BYPASS1_ROW_ID3_COL_ID0                      389   3359.472   1615.509     4974.981 
  ROW_GEN[3].COL_GEN[1].u_pe PE_ENABLE_MAC_BYPASS1_ROW_ID3_COL_ID1                      389   3359.472   1615.509     4974.981 
  ROW_GEN[3].COL_GEN[2].u_pe PE_ENABLE_MAC_BYPASS1_ROW_ID3_COL_ID2                      389   3359.472   1615.509     4974.981 
  ROW_GEN[3].COL_GEN[3].u_pe PE_ENABLE_MAC_BYPASS1_ROW_ID3_COL_ID3                      389   3359.472   1615.509     4974.981 
  ROW_GEN[3].COL_GEN[4].u_pe PE_ENABLE_MAC_BYPASS1_ROW_ID3_COL_ID4                      389   3359.472   1615.509     4974.981 
  ROW_GEN[3].COL_GEN[5].u_pe PE_ENABLE_MAC_BYPASS1_ROW_ID3_COL_ID5                      389   3359.472   1615.509     4974.981 
  ROW_GEN[3].COL_GEN[6].u_pe PE_ENABLE_MAC_BYPASS1_ROW_ID3_COL_ID6                      389   3359.472   1615.509     4974.981 
  ROW_GEN[3].COL_GEN[7].u_pe PE_ENABLE_MAC_BYPASS1_ROW_ID3_COL_ID7                      389   3359.472   1615.509     4974.981 
  ROW_GEN[4].COL_GEN[0].u_pe PE_ENABLE_MAC_BYPASS1_ROW_ID4_COL_ID0                      391   3299.414   1754.826     5054.241 
  ROW_GEN[4].COL_GEN[1].u_pe PE_ENABLE_MAC_BYPASS1_ROW_ID4_COL_ID1                      391   3299.414   1754.826     5054.241 
  ROW_GEN[4].COL_GEN[2].u_pe PE_ENABLE_MAC_BYPASS1_ROW_ID4_COL_ID2                      391   3299.414   1754.826     5054.241 
  ROW_GEN[4].COL_GEN[3].u_pe PE_ENABLE_MAC_BYPASS1_ROW_ID4_COL_ID3                      391   3299.414   1754.826     5054.241 
  ROW_GEN[4].COL_GEN[4].u_pe PE_ENABLE_MAC_BYPASS1_ROW_ID4_COL_ID4                      391   3299.414   1754.826     5054.241 
  ROW_GEN[4].COL_GEN[5].u_pe PE_ENABLE_MAC_BYPASS1_ROW_ID4_COL_ID5                      391   3299.414   1754.826     5054.241 
  ROW_GEN[4].COL_GEN[6].u_pe PE_ENABLE_MAC_BYPASS1_ROW_ID4_COL_ID6                      391   3299.414   1754.826     5054.241 
  ROW_GEN[4].COL_GEN[7].u_pe PE_ENABLE_MAC_BYPASS1_ROW_ID4_COL_ID7                      391   3299.414   1754.826     5054.241 
  ROW_GEN[5].COL_GEN[0].u_pe PE_ENABLE_MAC_BYPASS1_ROW_ID5_COL_ID0                      363   3241.859   1519.179     4761.038 
  ROW_GEN[5].COL_GEN[1].u_pe PE_ENABLE_MAC_BYPASS1_ROW_ID5_COL_ID1                      363   3241.859   1519.179     4761.038 
  ROW_GEN[5].COL_GEN[2].u_pe PE_ENABLE_MAC_BYPASS1_ROW_ID5_COL_ID2                      363   3241.859   1519.179     4761.038 
  ROW_GEN[5].COL_GEN[3].u_pe PE_ENABLE_MAC_BYPASS1_ROW_ID5_COL_ID3                      363   3241.859   1519.179     4761.038 
  ROW_GEN[5].COL_GEN[4].u_pe PE_ENABLE_MAC_BYPASS1_ROW_ID5_COL_ID4                      363   3241.859   1519.179     4761.038 
  ROW_GEN[5].COL_GEN[5].u_pe PE_ENABLE_MAC_BYPASS1_ROW_ID5_COL_ID5                      363   3241.859   1519.179     4761.038 
  ROW_GEN[5].COL_GEN[6].u_pe PE_ENABLE_MAC_BYPASS1_ROW_ID5_COL_ID6                      364   3239.357   1522.572     4761.929 
  ROW_GEN[5].COL_GEN[7].u_pe PE_ENABLE_MAC_BYPASS1_ROW_ID5_COL_ID7                      363   3241.859   1519.179     4761.038 
  ROW_GEN[6].COL_GEN[0].u_pe PE_ENABLE_MAC_BYPASS1_ROW_ID6_COL_ID0                      358   3044.170   1629.606     4673.775 
  ROW_GEN[6].COL_GEN[1].u_pe PE_ENABLE_MAC_BYPASS1_ROW_ID6_COL_ID1                      358   3044.170   1629.606     4673.775 
  ROW_GEN[6].COL_GEN[2].u_pe PE_ENABLE_MAC_BYPASS1_ROW_ID6_COL_ID2                      358   3044.170   1629.606     4673.775 
  ROW_GEN[6].COL_GEN[3].u_pe PE_ENABLE_MAC_BYPASS1_ROW_ID6_COL_ID3                      358   3044.170   1629.606     4673.775 
  ROW_GEN[6].COL_GEN[4].u_pe PE_ENABLE_MAC_BYPASS1_ROW_ID6_COL_ID4                      358   3044.170   1629.606     4673.775 
  ROW_GEN[6].COL_GEN[5].u_pe PE_ENABLE_MAC_BYPASS1_ROW_ID6_COL_ID5                      358   3044.170   1629.606     4673.775 
  ROW_GEN[6].COL_GEN[6].u_pe PE_ENABLE_MAC_BYPASS1_ROW_ID6_COL_ID6                      358   3044.170   1629.606     4673.775 
  ROW_GEN[6].COL_GEN[7].u_pe PE_ENABLE_MAC_BYPASS1_ROW_ID6_COL_ID7                      358   3044.170   1629.606     4673.775 
  ROW_GEN[7].COL_GEN[0].u_pe PE_ENABLE_MAC_BYPASS1_ROW_ID7_COL_ID0                      326   3027.904   1480.107     4508.011 
  ROW_GEN[7].COL_GEN[1].u_pe PE_ENABLE_MAC_BYPASS1_ROW_ID7_COL_ID1                      326   3027.904   1480.107     4508.011 
  ROW_GEN[7].COL_GEN[2].u_pe PE_ENABLE_MAC_BYPASS1_ROW_ID7_COL_ID2                      326   3027.904   1480.107     4508.011 
  ROW_GEN[7].COL_GEN[3].u_pe PE_ENABLE_MAC_BYPASS1_ROW_ID7_COL_ID3                      326   3027.904   1480.107     4508.011 
  ROW_GEN[7].COL_GEN[4].u_pe PE_ENABLE_MAC_BYPASS1_ROW_ID7_COL_ID4                      326   3027.904   1480.107     4508.011 
  ROW_GEN[7].COL_GEN[5].u_pe PE_ENABLE_MAC_BYPASS1_ROW_ID7_COL_ID5                      326   3024.150   1480.107     4504.257 
  ROW_GEN[7].COL_GEN[6].u_pe PE_ENABLE_MAC_BYPASS1_ROW_ID7_COL_ID6                      326   3027.904   1480.107     4508.011 
  ROW_GEN[7].COL_GEN[7].u_pe PE_ENABLE_MAC_BYPASS1_ROW_ID7_COL_ID7                      326   3027.904   1480.107     4508.011 
  u_systolic_ctrl            systolic_ctrl_ARRAY_SIZE8_DATA_WIDTH8_PSUM_WIDTH32        3153  40064.675  12041.261    52105.936 
