version: (200506)

available memory: 512M bytes
used memory: 2M bytes [need 2M bytes if disable swap]

used block: 218 [memory(161) file(57)]
                 [ 8K(163) 64K(55) { total 5M bytes } ]
overhead: (36354) bytes for (218) blocks [Average: (166) bytes/block]

write  => 0(times) 0K(bytes) [0K bytes to file]
read   => 2(times) 124K(bytes) [20K bytes compressed data from file]
access => 192282(times) 1515M(bytes)
          [hit ratio: 99.999%]

time: write(0) read(0)  unit: second

swap file directory: (/home/yarasho/vlsi_lab/ee477-designs-module2/bsg_guts_gcd/verdiLog)
used swap file number: (6)



swap file manager:
arrSize: (256)
idxCnt: (7)
closeHead: (1)
closeTail: (6)
openCnt: (3)
fid(6): fd(1073741825) fileName(/home/yarasho/vlsi_lab/ee477-designs-module2/bsg_guts_gcd/build/sim-par-rundir/simv.daidir/kdb.elab++/work.lib++/bsg_chip.sim.v.tdc)
	size(1154107) lastModTime(1771197106) curModTime(1771197106)
	mode(rb)	hot(0) cool(2) pos(0)
fid(5): fd(0) fileName(/home/yarasho/vlsi_lab/ee477-designs-module2/bsg_guts_gcd/build/par-rundir/bsg_chip.par.ddb)
	size(680009) lastModTime(1771197140) curModTime(1771197140)
	mode(rb)	hot(0) cool(0) pos(0)
fid(4): fd(0) fileName(/home/yarasho/vlsi_lab/ee477-designs-module2/bsg_guts_gcd/build/par-rundir/bsg_chip.par.ddb)
	size(680009) lastModTime(1771197140) curModTime(1771197140)
	mode(rb)	hot(0) cool(0) pos(0)
fid(3): fd(0) fileName(/home/yarasho/vlsi_lab/ee477-designs-module2/bsg_guts_gcd/build/par-rundir/bsg_chip.par.ddb)
	size(680009) lastModTime(1771197140) curModTime(1771197140)
	mode(rb)	hot(0) cool(0) pos(0)
fid(2): fd(26) fileName(/home/yarasho/vlsi_lab/ee477-designs-module2/bsg_guts_gcd/verdiLog/_swap_0001#-1626706976#3226683)
	size(0) lastModTime(0) curModTime(1771197138)
	mode(w+b)	hot(6) cool(1) pos(0)
fid(1): fd(1073741824) fileName(/home/yarasho/vlsi_lab/ee477-designs-module2/bsg_guts_gcd/build/sim-par-rundir/simv.daidir/kdb.elab++/work.lib++/bsg_double_trouble_pcb.v.tdc)
	size(22088) lastModTime(1771197106) curModTime(1771197106)
	mode(rb)	hot(2) cool(0) pos(0)
fid(0): fd(0) fileName(NULL)
	mode(NULL)	hot(0) cool(0) pos(0)
==================================================
mySelf(1c0ef910) pre(16394060) next(1c7c9cd0)
version(200506)
date(Aug 31 2021 02:32:15)
==================================================
mySelf(1c7c9cd0) pre(1c0ef910) next(1c7c8bd0)
version(200506)
date(Aug 31 2021 02:32:15)
==================================================
mySelf(1c7c8bd0) pre(1c7c9cd0) next(1862cc60)
version(200506)
date(Aug 31 2021 02:32:15)
==================================================
mySelf(1862cc60) pre(1c7c8bd0) next(0)
version(200506)
date(May 19 2020 02:48:24)
