
Warning-[LNX_OS_VERUN] Unsupported Linux version
  Linux version 'AlmaLinux release 8.10 (Cerulean Leopard)' is not supported 
  on 'x86_64' officially, assuming linux compatibility by default. Set 
  VCS_ARCH_OVERRIDE to linux or suse32 to override.
  Please refer to release notes for information on supported platforms.


Warning-[LINX_KRNL] Unsupported Linux kernel
  Linux kernel '4.18.0-553.104.1.el8_10.x86_64' is not supported.
  Supported versions are 2.4* or 2.6*.

                         Chronologic VCS (TM)
       Version Q-2020.03-SP1_Full64 -- Fri Mar 13 21:26:13 2026
               Copyright (c) 1991-2020 by Synopsys Inc.
                         ALL RIGHTS RESERVED

This program is proprietary and confidential information of Synopsys Inc.
and may be used and disclosed only as authorized in a license agreement
controlling such use and disclosure.

Parsing design file 'v/systolic_ctrl.sv'
Parsing design file 'v/top_mod.sv'
Parsing design file 'v/PE.sv'
Parsing design file 'v/systolic_ctrl_tb.sv'
Parsing design file 'v/top_mod_tb.sv'
Parsing design file 'v/PE_tb.sv'
Parsing design file '/home/rmaiti/EE477_VLSI/systolic-array-ws/basejump_stl/bsg_misc/bsg_defines.v'
Parsing design file '/home/rmaiti/EE477_VLSI/systolic-array-ws/basejump_stl/bsg_test/bsg_nonsynth_clock_gen.v'
Parsing included file '/home/rmaiti/EE477_VLSI/systolic-array-ws/basejump_stl/bsg_misc/bsg_defines.v'.
Back to file '/home/rmaiti/EE477_VLSI/systolic-array-ws/basejump_stl/bsg_test/bsg_nonsynth_clock_gen.v'.
Parsing design file '/home/rmaiti/EE477_VLSI/systolic-array-ws/basejump_stl/bsg_test/bsg_nonsynth_reset_gen.v'
Parsing included file '/home/rmaiti/EE477_VLSI/systolic-array-ws/basejump_stl/bsg_misc/bsg_defines.v'.
Back to file '/home/rmaiti/EE477_VLSI/systolic-array-ws/basejump_stl/bsg_test/bsg_nonsynth_reset_gen.v'.
Parsing design file '/home/rmaiti/EE477_VLSI/systolic-array-ws/basejump_stl/bsg_fsb/bsg_fsb_node_trace_replay.v'
Parsing included file '/home/rmaiti/EE477_VLSI/systolic-array-ws/basejump_stl/bsg_misc/bsg_defines.v'.
Back to file '/home/rmaiti/EE477_VLSI/systolic-array-ws/basejump_stl/bsg_fsb/bsg_fsb_node_trace_replay.v'.
Parsing design file '/home/rmaiti/EE477_VLSI/systolic-array-ws/src/sys_array/build/sim-rtl-rundir/trace_rom.v'
Parsing design file '/home/rmaiti/EE477_VLSI/systolic-array-ws/src/sys_array/build/sim-rtl-rundir/trace_systolic_ctrl_rom.v'
Parsing design file '/home/rmaiti/EE477_VLSI/systolic-array-ws/src/sys_array/build/sim-rtl-rundir/trace_top_mod_rom.v'
Top Level Modules:
       top_mod_tb
TimeScale is 1 ps / 1 ps
Starting vcs inline pass...

2 modules and 0 UDP read.
	However, due to incremental compilation, no re-compilation is necessary.
make[1]: Entering directory '/home/rmaiti/EE477_VLSI/systolic-array-ws/src/sys_array/build/sim-rtl-rundir'
make[1]: Leaving directory '/home/rmaiti/EE477_VLSI/systolic-array-ws/src/sys_array/build/sim-rtl-rundir'
/home/projects/ee477.2025wtr/cad/synopsys/vcs/Q-2020.03-SP1/bin/vcs: line 32518: 3318771 Segmentation fault      (core dumped) ${TOOL_HOME}/bin/cfs_ident_exec -f ${XML_INPUT_EXE} -o "${fsearchDir}/idents_tapi.xml" -o_SrcFile "${dirSrcFiles}/src_files_c" ${all_dyn_libs} > tapi_xml_writer.log
make[1]: Entering directory '/home/rmaiti/EE477_VLSI/systolic-array-ws/src/sys_array/build/sim-rtl-rundir'
rm -f _cuarc*.so _csrc*.so pre_vcsobj_*.so share_vcsobj_*.so
ld -shared  -Bsymbolic  -o .//simv.daidir//_cuarc0.so objs/amcQw_d.o 
rm -f _cuarc0.so
if [ -x /home/rmaiti/EE477_VLSI/systolic-array-ws/src/sys_array/build/sim-rtl-rundir/simv ]; then chmod a-x /home/rmaiti/EE477_VLSI/systolic-array-ws/src/sys_array/build/sim-rtl-rundir/simv; fi
g++  -o /home/rmaiti/EE477_VLSI/systolic-array-ws/src/sys_array/build/sim-rtl-rundir/simv    -rdynamic  -Wl,-rpath='$ORIGIN'/simv.daidir -Wl,-rpath=./simv.daidir -Wl,-rpath=/home/projects/ee477.2025wtr/cad/synopsys/vcs/Q-2020.03-SP1/linux64/lib -L/home/projects/ee477.2025wtr/cad/synopsys/vcs/Q-2020.03-SP1/linux64/lib  -Wl,-rpath-link=./  /usr/lib64/libnuma.so.1     _3318607_archive_1.so _prev_archive_1.so _cuarc0.so  SIM_l.o      rmapats_mop.o rmapats.o rmar.o rmar_nd.o  rmar_llvm_0_1.o rmar_llvm_0_0.o          -lvirsim -lerrorinf -lsnpsmalloc -lvfs    -lvcsnew -lsimprofile -luclinative /home/projects/ee477.2025wtr/cad/synopsys/vcs/Q-2020.03-SP1/linux64/lib/vcs_tls.o   -Wl,-whole-archive -lvcsucli -Wl,-no-whole-archive        _vcs_pli_stub_.o   /home/projects/ee477.2025wtr/cad/synopsys/vcs/Q-2020.03-SP1/linux64/lib/vcs_save_restore_new.o /home/projects/ee477.2025wtr/cad/synopsys/verdi/Q-2020.03-SP2-8/share/PLI/VCS/LINUX64/pli.a -ldl  -lc -lm -lpthread -ldl 
/home/rmaiti/EE477_VLSI/systolic-array-ws/src/sys_array/build/sim-rtl-rundir/simv up to date
make[1]: Leaving directory '/home/rmaiti/EE477_VLSI/systolic-array-ws/src/sys_array/build/sim-rtl-rundir'
CPU time: .209 seconds to compile + .119 seconds to elab + .108 seconds to link
Verdi KDB elaboration done and the database successfully generated: 0 error(s), 0 warning(s)
