Chronologic VCS simulator copyright 1991-2020
Contains Synopsys proprietary information.
Compiler version Q-2020.03-SP1_Full64; Runtime version Q-2020.03-SP1_Full64;  Mar 13 21:26 2026

======================================================
Weight Matrix (row = PE row, col = PE column)
======================================================
Row 0 :    1    2    3    4   -1    0    1    2 
Row 1 :    0    1    0   -1    2    3   -2    1 
Row 2 :    2    0    1    0    1   -1    2    0 
Row 3 :   -1    1    2    1    0    2    1   -1 
Row 4 :    3   -2    1    2    1    0   -1    2 
Row 5 :    1    1   -1    0    2    1    0    1 
Row 6 :    0    2    1   -2    1    3    1    0 
Row 7 :    2    1    0    1   -1    2    2    3 
======================================================

Activation Vector
======================================================
activation_vector[0] = 1
activation_vector[1] = 2
activation_vector[2] = -1
activation_vector[3] = 3
activation_vector[4] = 0
activation_vector[5] = 1
activation_vector[6] = 2
activation_vector[7] = -2
======================================================

Expected Final Outputs
======================================================
expected_psums[0] = -7
expected_psums[1] = 10
expected_psums[2] = 9
expected_psums[3] = -1
expected_psums[4] = 8
expected_psums[5] = 16
expected_psums[6] = -4
expected_psums[7] = -4
======================================================

[0] Applying reset...
[55] Reset released.
[55] Starting weight load...
[150] Weight load finished.

Checking stored weights inside the PE array...
======================================================
All PE weights loaded correctly.
======================================================

[150] Applying one activation vector...
[150] Waiting for COMPUTE and scanning outputs...
[250] Activation vector launch complete.
[1115] Output scan finished.

Captured Final DUT Outputs
======================================================
captured_final_psums[0] = -7  seen=1  matched=1
captured_final_psums[1] = 10  seen=1  matched=1
captured_final_psums[2] = 9  seen=1  matched=1
captured_final_psums[3] = -1  seen=1  matched=1
captured_final_psums[4] = 8  seen=1  matched=1
captured_final_psums[5] = 16  seen=1  matched=1
captured_final_psums[6] = -4  seen=1  matched=1
captured_final_psums[7] = -4  seen=1  matched=1
======================================================

Comparing captured DUT outputs against expected values...
======================================================
MATCH at output[0]: value=-7
MATCH at output[1]: value=10
MATCH at output[2]: value=9
MATCH at output[3]: value=-1
MATCH at output[4]: value=8
MATCH at output[5]: value=16
MATCH at output[6]: value=-4
MATCH at output[7]: value=-4
======================================================
TEST PASSED: all final outputs match expected values.

$finish called from file "v/top_mod_tb.sv", line 482.
$finish at simulation time                 1165
           V C S   S i m u l a t i o n   R e p o r t 
Time: 1165 ps
CPU Time:      0.130 seconds;       Data structure size:   0.1Mb
Fri Mar 13 21:26:15 2026
